[2023-09-04  00:31:43] logger.py -> <module> line:89 [INFO] : 绿色测试日志保存路径../log2023-9-4.log
[2023-09-04  00:31:43] logger.py -> <module> line:90 [WARNING] : 颜色
[2023-09-04  00:31:43] logger.py -> <module> line:91 [ERROR] : error
[2023-09-04  00:31:43] logger.py -> <module> line:92 [CRITICAL] : critical
[2023-09-04  23:15:29] patamterset.py -> parameter_setting line:35 [INFO] : 参数提取完成后的参数池：{'a': 'sss'}
[2023-09-04  23:15:29] patamterset.py -> parameter_setting line:35 [INFO] : 参数提取完成后的参数池：{'a': 'sss', 'b': 123}
[2023-09-04  23:15:29] patamterset.py -> parameter_setting line:35 [INFO] : 参数提取完成后的参数池：{'a': 'sss', 'b': 123, 'c': {'d': 55, 'f': 99}}
[2023-09-04  23:22:03] patamterset.py -> parameter_setting line:35 [INFO] : 参数提取完成后的参数池：{'a': 'sss'}
[2023-09-04  23:22:03] patamterset.py -> parameter_setting line:35 [INFO] : 参数提取完成后的参数池：{'a': 'sss', 'b': 123}
[2023-09-04  23:22:03] patamterset.py -> parameter_setting line:35 [INFO] : 参数提取完成后的参数池：{'a': 'sss', 'b': 123, 'c': {'d': 55, 'f': 99}}
[2023-09-04  23:22:03] patamterset.py -> parameter_setting line:43 [INFO] : 读取前的参数池：{'a': 'sss', 'b': 123, 'c': {'d': 55, 'f': 99}}
[2023-09-04  23:22:03] patamterset.py -> parameter_setting line:43 [INFO] : 读取前的参数池：{'a': 'sss', 'b': 123, 'c': {'d': 55, 'f': 99}}
[2023-09-04  23:27:24] patamterset.py -> parameter_setting line:35 [INFO] : 参数提取完成后的参数池：{'a': 'sss'}
[2023-09-04  23:27:24] patamterset.py -> parameter_setting line:35 [INFO] : 参数提取完成后的参数池：{'a': 'sss', 'b': 123}
[2023-09-04  23:27:24] patamterset.py -> parameter_setting line:35 [INFO] : 参数提取完成后的参数池：{'a': 'sss', 'b': 123, 'c': {'d': 55, 'f': 99}}
[2023-09-04  23:27:24] patamterset.py -> parameter_setting line:43 [INFO] : 读取前的参数池：{'a': 'sss', 'b': 123, 'c': {'d': 55, 'f': 99}}
[2023-09-04  23:27:24] patamterset.py -> parameter_setting line:43 [INFO] : 读取前的参数池：{'a': 'sss', 'b': 123, 'c': {'d': 55, 'f': 99}}
[2023-09-04  23:27:55] patamterset.py -> parameter_setting line:35 [INFO] : 参数提取完成后的参数池：{'a': 'sss'}
[2023-09-04  23:27:55] patamterset.py -> parameter_setting line:35 [INFO] : 参数提取完成后的参数池：{'a': 'sss', 'b': 123}
[2023-09-04  23:27:55] patamterset.py -> parameter_setting line:35 [INFO] : 参数提取完成后的参数池：{'a': 'sss', 'b': 123, 'c': {'d': 55, 'f': 99}}
[2023-09-04  23:27:55] patamterset.py -> parameter_setting line:43 [INFO] : 读取前的参数池：{'a': 'sss', 'b': 123, 'c': {'d': 55, 'f': 99}}
[2023-09-04  23:27:55] patamterset.py -> parameter_setting line:43 [INFO] : 读取前的参数池：{'a': 'sss', 'b': 123, 'c': {'d': 55, 'f': 99}}
[2023-09-04  23:29:32] patamterset.py -> parameter_setting line:35 [INFO] : 参数提取完成后的参数池：{'a': 'sss'}
[2023-09-04  23:29:32] patamterset.py -> parameter_setting line:35 [INFO] : 参数提取完成后的参数池：{'a': 'sss', 'b': 123}
[2023-09-04  23:29:32] patamterset.py -> parameter_setting line:35 [INFO] : 参数提取完成后的参数池：{'a': 'sss', 'b': 123, 'c': {'d': 55, 'f': 99}}
[2023-09-04  23:29:32] patamterset.py -> parameter_setting line:43 [INFO] : 读取前的参数池：{'a': 'sss', 'b': 123, 'c': {'d': 55, 'f': 99}}
[2023-09-04  23:29:32] patamterset.py -> parameter_setting line:43 [INFO] : 读取前的参数池：{'a': 'sss', 'b': 123, 'c': {'d': 55, 'f': 99}}
[2023-09-04  23:46:37] assert.py -> assert_response line:23 [INFO] : 获取到响应结果值为：[{'b': '$.b', 'd': '$.c.d'}]
[2023-09-04  23:48:59] assert.py -> assert_response line:23 [INFO] : 获取到响应结果值为：['$.b', '$.c.d']
